{"H:\\Dev_Web\\FoodFlex_Oclock\\projet-foodflex-front\\src\\components\\RecipeCard\\HeartFavori\\HeartFavori.tsx": {"path":"H:\\Dev_Web\\FoodFlex_Oclock\\projet-foodflex-front\\src\\components\\RecipeCard\\HeartFavori\\HeartFavori.tsx","all":false,"statementMap":{"0":{"start":{"line":1,"column":0},"end":{"line":1,"column":38}},"1":{"start":{"line":2,"column":0},"end":{"line":2,"column":60}},"2":{"start":{"line":3,"column":0},"end":{"line":3,"column":70}},"3":{"start":{"line":4,"column":0},"end":{"line":4,"column":8}},"4":{"start":{"line":5,"column":0},"end":{"line":5,"column":12}},"5":{"start":{"line":6,"column":0},"end":{"line":6,"column":15}},"6":{"start":{"line":7,"column":0},"end":{"line":7,"column":15}},"7":{"start":{"line":8,"column":0},"end":{"line":8,"column":19}},"8":{"start":{"line":9,"column":0},"end":{"line":9,"column":42}},"9":{"start":{"line":10,"column":0},"end":{"line":10,"column":48}},"10":{"start":{"line":11,"column":0},"end":{"line":11,"column":0}},"11":{"start":{"line":12,"column":0},"end":{"line":12,"column":28}},"12":{"start":{"line":13,"column":0},"end":{"line":13,"column":17}},"13":{"start":{"line":14,"column":0},"end":{"line":14,"column":1}},"14":{"start":{"line":15,"column":0},"end":{"line":15,"column":0}},"15":{"start":{"line":16,"column":0},"end":{"line":16,"column":52}},"16":{"start":{"line":17,"column":0},"end":{"line":17,"column":58}},"17":{"start":{"line":18,"column":0},"end":{"line":18,"column":33}},"18":{"start":{"line":19,"column":0},"end":{"line":19,"column":51}},"19":{"start":{"line":20,"column":0},"end":{"line":20,"column":4}},"20":{"start":{"line":21,"column":0},"end":{"line":21,"column":36}},"21":{"start":{"line":22,"column":0},"end":{"line":22,"column":0}},"22":{"start":{"line":23,"column":0},"end":{"line":23,"column":70}},"23":{"start":{"line":24,"column":0},"end":{"line":24,"column":0}},"24":{"start":{"line":25,"column":0},"end":{"line":25,"column":30}},"25":{"start":{"line":26,"column":0},"end":{"line":26,"column":33}},"26":{"start":{"line":27,"column":0},"end":{"line":27,"column":29}},"27":{"start":{"line":28,"column":0},"end":{"line":28,"column":4}},"28":{"start":{"line":29,"column":0},"end":{"line":29,"column":0}},"29":{"start":{"line":30,"column":0},"end":{"line":30,"column":77}},"30":{"start":{"line":31,"column":0},"end":{"line":31,"column":15}},"31":{"start":{"line":32,"column":0},"end":{"line":32,"column":40}},"32":{"start":{"line":33,"column":0},"end":{"line":33,"column":36}},"33":{"start":{"line":34,"column":0},"end":{"line":34,"column":53}},"34":{"start":{"line":35,"column":0},"end":{"line":35,"column":6}},"35":{"start":{"line":36,"column":0},"end":{"line":36,"column":22}},"36":{"start":{"line":37,"column":0},"end":{"line":37,"column":33}},"37":{"start":{"line":38,"column":0},"end":{"line":38,"column":0}},"38":{"start":{"line":39,"column":0},"end":{"line":39,"column":54}},"39":{"start":{"line":40,"column":0},"end":{"line":40,"column":72}},"40":{"start":{"line":41,"column":0},"end":{"line":41,"column":27}},"41":{"start":{"line":42,"column":0},"end":{"line":42,"column":0}},"42":{"start":{"line":43,"column":0},"end":{"line":43,"column":26}},"43":{"start":{"line":44,"column":0},"end":{"line":44,"column":34}},"44":{"start":{"line":45,"column":0},"end":{"line":45,"column":28}},"45":{"start":{"line":46,"column":0},"end":{"line":46,"column":12}},"46":{"start":{"line":47,"column":0},"end":{"line":47,"column":48}},"47":{"start":{"line":48,"column":0},"end":{"line":48,"column":29}},"48":{"start":{"line":49,"column":0},"end":{"line":49,"column":5}},"49":{"start":{"line":50,"column":0},"end":{"line":50,"column":3}},"50":{"start":{"line":51,"column":0},"end":{"line":51,"column":0}},"51":{"start":{"line":52,"column":0},"end":{"line":52,"column":19}},"52":{"start":{"line":53,"column":0},"end":{"line":53,"column":25}},"53":{"start":{"line":54,"column":0},"end":{"line":54,"column":28}},"54":{"start":{"line":55,"column":0},"end":{"line":55,"column":12}},"55":{"start":{"line":56,"column":0},"end":{"line":56,"column":29}},"56":{"start":{"line":57,"column":0},"end":{"line":57,"column":5}},"57":{"start":{"line":58,"column":0},"end":{"line":58,"column":31}},"58":{"start":{"line":59,"column":0},"end":{"line":59,"column":0}},"59":{"start":{"line":60,"column":0},"end":{"line":60,"column":10}},"60":{"start":{"line":61,"column":0},"end":{"line":61,"column":11}},"61":{"start":{"line":62,"column":0},"end":{"line":62,"column":19}},"62":{"start":{"line":63,"column":0},"end":{"line":63,"column":87}},"63":{"start":{"line":64,"column":0},"end":{"line":64,"column":27}},"64":{"start":{"line":65,"column":0},"end":{"line":65,"column":31}},"65":{"start":{"line":66,"column":0},"end":{"line":66,"column":24}},"66":{"start":{"line":67,"column":0},"end":{"line":67,"column":25}},"67":{"start":{"line":68,"column":0},"end":{"line":68,"column":16}},"68":{"start":{"line":69,"column":0},"end":{"line":69,"column":33}},"69":{"start":{"line":70,"column":0},"end":{"line":70,"column":9}},"70":{"start":{"line":71,"column":0},"end":{"line":71,"column":8}},"71":{"start":{"line":72,"column":0},"end":{"line":72,"column":5}},"72":{"start":{"line":73,"column":0},"end":{"line":73,"column":23}},"73":{"start":{"line":74,"column":0},"end":{"line":74,"column":63}},"74":{"start":{"line":75,"column":0},"end":{"line":75,"column":11}},"75":{"start":{"line":76,"column":0},"end":{"line":76,"column":52}},"76":{"start":{"line":77,"column":0},"end":{"line":77,"column":8}},"77":{"start":{"line":78,"column":0},"end":{"line":78,"column":13}},"78":{"start":{"line":79,"column":0},"end":{"line":79,"column":4}},"79":{"start":{"line":80,"column":0},"end":{"line":80,"column":1}},"80":{"start":{"line":81,"column":0},"end":{"line":81,"column":27}}},"s":{"0":1,"1":1,"2":1,"3":1,"4":1,"5":1,"6":1,"7":1,"8":1,"9":1,"10":1,"11":1,"12":1,"13":1,"14":1,"15":4,"16":4,"17":4,"18":4,"19":4,"20":4,"21":4,"22":4,"23":4,"24":4,"25":0,"26":0,"27":4,"28":4,"29":4,"30":4,"31":4,"32":3,"33":3,"34":3,"35":3,"36":4,"37":4,"38":4,"39":4,"40":0,"41":0,"42":0,"43":0,"44":0,"45":0,"46":0,"47":0,"48":0,"49":0,"50":4,"51":4,"52":3,"53":1,"54":3,"55":2,"56":2,"57":4,"58":4,"59":4,"60":4,"61":4,"62":4,"63":4,"64":0,"65":0,"66":0,"67":0,"68":0,"69":0,"70":0,"71":4,"72":4,"73":1,"74":3,"75":3,"76":4,"77":4,"78":4,"79":4,"80":1},"branchMap":{"0":{"type":"branch","line":16,"loc":{"start":{"line":16,"column":0},"end":{"line":80,"column":1}},"locations":[{"start":{"line":16,"column":0},"end":{"line":80,"column":1}}]},"1":{"type":"branch","line":73,"loc":{"start":{"line":73,"column":19},"end":{"line":74,"column":63}},"locations":[{"start":{"line":73,"column":19},"end":{"line":74,"column":63}}]},"2":{"type":"branch","line":75,"loc":{"start":{"line":75,"column":-1},"end":{"line":76,"column":52}},"locations":[{"start":{"line":75,"column":-1},"end":{"line":76,"column":52}}]},"3":{"type":"branch","line":19,"loc":{"start":{"line":19,"column":4},"end":{"line":19,"column":51}},"locations":[{"start":{"line":19,"column":4},"end":{"line":19,"column":51}}]},"4":{"type":"branch","line":23,"loc":{"start":{"line":23,"column":34},"end":{"line":23,"column":69}},"locations":[{"start":{"line":23,"column":34},"end":{"line":23,"column":69}}]},"5":{"type":"branch","line":32,"loc":{"start":{"line":32,"column":33},"end":{"line":37,"column":3}},"locations":[{"start":{"line":32,"column":33},"end":{"line":37,"column":3}}]},"6":{"type":"branch","line":34,"loc":{"start":{"line":34,"column":6},"end":{"line":34,"column":53}},"locations":[{"start":{"line":34,"column":6},"end":{"line":34,"column":53}}]},"7":{"type":"branch","line":52,"loc":{"start":{"line":52,"column":12},"end":{"line":58,"column":3}},"locations":[{"start":{"line":52,"column":12},"end":{"line":58,"column":3}}]},"8":{"type":"branch","line":53,"loc":{"start":{"line":53,"column":24},"end":{"line":55,"column":5}},"locations":[{"start":{"line":53,"column":24},"end":{"line":55,"column":5}}]},"9":{"type":"branch","line":55,"loc":{"start":{"line":55,"column":5},"end":{"line":57,"column":5}},"locations":[{"start":{"line":55,"column":5},"end":{"line":57,"column":5}}]}},"b":{"0":[4],"1":[1],"2":[3],"3":[7],"4":[7],"5":[3],"6":[1],"7":[3],"8":[1],"9":[2]},"fnMap":{"0":{"name":"HeartFavori","decl":{"start":{"line":16,"column":0},"end":{"line":80,"column":1}},"loc":{"start":{"line":16,"column":0},"end":{"line":80,"column":1}},"line":16},"1":{"name":"toggleSignUp","decl":{"start":{"line":25,"column":23},"end":{"line":28,"column":3}},"loc":{"start":{"line":25,"column":23},"end":{"line":28,"column":3}},"line":25},"2":{"name":"handleAddFavori","decl":{"start":{"line":40,"column":2},"end":{"line":50,"column":3}},"loc":{"start":{"line":40,"column":2},"end":{"line":50,"column":3}},"line":40},"3":{"name":"onClick","decl":{"start":{"line":64,"column":15},"end":{"line":71,"column":8}},"loc":{"start":{"line":64,"column":15},"end":{"line":71,"column":8}},"line":64}},"f":{"0":4,"1":0,"2":0,"3":0}}
,"H:\\Dev_Web\\FoodFlex_Oclock\\projet-foodflex-front\\src\\hooks\\redux.ts": {"path":"H:\\Dev_Web\\FoodFlex_Oclock\\projet-foodflex-front\\src\\hooks\\redux.ts","all":false,"statementMap":{"0":{"start":{"line":1,"column":0},"end":{"line":1,"column":68}},"1":{"start":{"line":2,"column":0},"end":{"line":2,"column":77}},"2":{"start":{"line":3,"column":0},"end":{"line":3,"column":55}},"3":{"start":{"line":4,"column":0},"end":{"line":4,"column":0}},"4":{"start":{"line":5,"column":0},"end":{"line":5,"column":75}},"5":{"start":{"line":6,"column":0},"end":{"line":6,"column":61}},"6":{"start":{"line":7,"column":0},"end":{"line":7,"column":75}}},"s":{"0":1,"1":1,"2":1,"3":1,"4":1,"5":1,"6":1},"branchMap":{},"b":{},"fnMap":{},"f":{}}
,"H:\\Dev_Web\\FoodFlex_Oclock\\projet-foodflex-front\\src\\store\\reducers\\settings.ts": {"path":"H:\\Dev_Web\\FoodFlex_Oclock\\projet-foodflex-front\\src\\store\\reducers\\settings.ts","all":false,"statementMap":{"0":{"start":{"line":1,"column":0},"end":{"line":1,"column":8}},"1":{"start":{"line":2,"column":0},"end":{"line":2,"column":15}},"2":{"start":{"line":3,"column":0},"end":{"line":3,"column":19}},"3":{"start":{"line":4,"column":0},"end":{"line":4,"column":16}},"4":{"start":{"line":5,"column":0},"end":{"line":5,"column":26}},"5":{"start":{"line":6,"column":0},"end":{"line":6,"column":26}},"6":{"start":{"line":7,"column":0},"end":{"line":7,"column":49}},"7":{"start":{"line":8,"column":0},"end":{"line":8,"column":43}},"8":{"start":{"line":9,"column":0},"end":{"line":9,"column":8}},"9":{"start":{"line":10,"column":0},"end":{"line":10,"column":12}},"10":{"start":{"line":11,"column":0},"end":{"line":11,"column":11}},"11":{"start":{"line":12,"column":0},"end":{"line":12,"column":14}},"12":{"start":{"line":13,"column":0},"end":{"line":13,"column":13}},"13":{"start":{"line":14,"column":0},"end":{"line":14,"column":27}},"14":{"start":{"line":15,"column":0},"end":{"line":15,"column":46}},"15":{"start":{"line":16,"column":0},"end":{"line":16,"column":0}},"16":{"start":{"line":17,"column":0},"end":{"line":17,"column":25}},"17":{"start":{"line":18,"column":0},"end":{"line":18,"column":0}},"18":{"start":{"line":19,"column":0},"end":{"line":19,"column":25}},"19":{"start":{"line":20,"column":0},"end":{"line":20,"column":20}},"20":{"start":{"line":21,"column":0},"end":{"line":21,"column":23}},"21":{"start":{"line":22,"column":0},"end":{"line":22,"column":20}},"22":{"start":{"line":23,"column":0},"end":{"line":23,"column":22}},"23":{"start":{"line":24,"column":0},"end":{"line":24,"column":22}},"24":{"start":{"line":25,"column":0},"end":{"line":25,"column":18}},"25":{"start":{"line":26,"column":0},"end":{"line":26,"column":21}},"26":{"start":{"line":27,"column":0},"end":{"line":27,"column":4}},"27":{"start":{"line":28,"column":0},"end":{"line":28,"column":22}},"28":{"start":{"line":29,"column":0},"end":{"line":29,"column":18}},"29":{"start":{"line":30,"column":0},"end":{"line":30,"column":21}},"30":{"start":{"line":31,"column":0},"end":{"line":31,"column":22}},"31":{"start":{"line":32,"column":0},"end":{"line":32,"column":21}},"32":{"start":{"line":33,"column":0},"end":{"line":33,"column":4}},"33":{"start":{"line":34,"column":0},"end":{"line":34,"column":21}},"34":{"start":{"line":35,"column":0},"end":{"line":35,"column":25}},"35":{"start":{"line":36,"column":0},"end":{"line":36,"column":17}},"36":{"start":{"line":37,"column":0},"end":{"line":37,"column":27}},"37":{"start":{"line":38,"column":0},"end":{"line":38,"column":21}},"38":{"start":{"line":39,"column":0},"end":{"line":39,"column":28}},"39":{"start":{"line":40,"column":0},"end":{"line":40,"column":22}},"40":{"start":{"line":41,"column":0},"end":{"line":41,"column":1}},"41":{"start":{"line":42,"column":0},"end":{"line":42,"column":0}},"42":{"start":{"line":43,"column":0},"end":{"line":43,"column":37}},"43":{"start":{"line":44,"column":0},"end":{"line":44,"column":16}},"44":{"start":{"line":45,"column":0},"end":{"line":45,"column":18}},"45":{"start":{"line":46,"column":0},"end":{"line":46,"column":17}},"46":{"start":{"line":47,"column":0},"end":{"line":47,"column":14}},"47":{"start":{"line":48,"column":0},"end":{"line":48,"column":18}},"48":{"start":{"line":49,"column":0},"end":{"line":49,"column":18}},"49":{"start":{"line":50,"column":0},"end":{"line":50,"column":4}},"50":{"start":{"line":51,"column":0},"end":{"line":51,"column":21}},"51":{"start":{"line":52,"column":0},"end":{"line":52,"column":18}},"52":{"start":{"line":53,"column":0},"end":{"line":53,"column":19}},"53":{"start":{"line":54,"column":0},"end":{"line":54,"column":22}},"54":{"start":{"line":55,"column":0},"end":{"line":55,"column":14}},"55":{"start":{"line":56,"column":0},"end":{"line":56,"column":17}},"56":{"start":{"line":57,"column":0},"end":{"line":57,"column":4}},"57":{"start":{"line":58,"column":0},"end":{"line":58,"column":22}},"58":{"start":{"line":59,"column":0},"end":{"line":59,"column":14}},"59":{"start":{"line":60,"column":0},"end":{"line":60,"column":17}},"60":{"start":{"line":61,"column":0},"end":{"line":61,"column":18}},"61":{"start":{"line":62,"column":0},"end":{"line":62,"column":17}},"62":{"start":{"line":63,"column":0},"end":{"line":63,"column":4}},"63":{"start":{"line":64,"column":0},"end":{"line":64,"column":19}},"64":{"start":{"line":65,"column":0},"end":{"line":65,"column":14}},"65":{"start":{"line":66,"column":0},"end":{"line":66,"column":12}},"66":{"start":{"line":67,"column":0},"end":{"line":67,"column":20}},"67":{"start":{"line":68,"column":0},"end":{"line":68,"column":17}},"68":{"start":{"line":69,"column":0},"end":{"line":69,"column":13}},"69":{"start":{"line":70,"column":0},"end":{"line":70,"column":14}},"70":{"start":{"line":71,"column":0},"end":{"line":71,"column":16}},"71":{"start":{"line":72,"column":0},"end":{"line":72,"column":4}},"72":{"start":{"line":73,"column":0},"end":{"line":73,"column":16}},"73":{"start":{"line":74,"column":0},"end":{"line":74,"column":30}},"74":{"start":{"line":75,"column":0},"end":{"line":75,"column":26}},"75":{"start":{"line":76,"column":0},"end":{"line":76,"column":2}},"76":{"start":{"line":77,"column":0},"end":{"line":77,"column":0}},"77":{"start":{"line":78,"column":0},"end":{"line":78,"column":79}},"78":{"start":{"line":79,"column":0},"end":{"line":79,"column":79}},"79":{"start":{"line":80,"column":0},"end":{"line":80,"column":0}},"80":{"start":{"line":81,"column":0},"end":{"line":81,"column":68}},"81":{"start":{"line":82,"column":0},"end":{"line":82,"column":0}},"82":{"start":{"line":83,"column":0},"end":{"line":83,"column":72}},"83":{"start":{"line":84,"column":0},"end":{"line":84,"column":0}},"84":{"start":{"line":85,"column":0},"end":{"line":85,"column":58}},"85":{"start":{"line":86,"column":0},"end":{"line":86,"column":36}},"86":{"start":{"line":87,"column":0},"end":{"line":87,"column":16}},"87":{"start":{"line":88,"column":0},"end":{"line":88,"column":48}},"88":{"start":{"line":89,"column":0},"end":{"line":89,"column":0}},"89":{"start":{"line":90,"column":0},"end":{"line":90,"column":58}},"90":{"start":{"line":91,"column":0},"end":{"line":91,"column":36}},"91":{"start":{"line":92,"column":0},"end":{"line":92,"column":16}},"92":{"start":{"line":93,"column":0},"end":{"line":93,"column":48}},"93":{"start":{"line":94,"column":0},"end":{"line":94,"column":0}},"94":{"start":{"line":95,"column":0},"end":{"line":95,"column":49}},"95":{"start":{"line":96,"column":0},"end":{"line":96,"column":39}},"96":{"start":{"line":97,"column":0},"end":{"line":97,"column":20}},"97":{"start":{"line":98,"column":0},"end":{"line":98,"column":62}},"98":{"start":{"line":99,"column":0},"end":{"line":99,"column":59}},"99":{"start":{"line":100,"column":0},"end":{"line":100,"column":39}},"100":{"start":{"line":101,"column":0},"end":{"line":101,"column":41}},"101":{"start":{"line":102,"column":0},"end":{"line":102,"column":0}},"102":{"start":{"line":103,"column":0},"end":{"line":103,"column":28}},"103":{"start":{"line":104,"column":0},"end":{"line":104,"column":3}},"104":{"start":{"line":105,"column":0},"end":{"line":105,"column":2}},"105":{"start":{"line":106,"column":0},"end":{"line":106,"column":48}},"106":{"start":{"line":107,"column":0},"end":{"line":107,"column":71}},"107":{"start":{"line":108,"column":0},"end":{"line":108,"column":44}},"108":{"start":{"line":109,"column":0},"end":{"line":109,"column":37}},"109":{"start":{"line":110,"column":0},"end":{"line":110,"column":39}},"110":{"start":{"line":111,"column":0},"end":{"line":111,"column":0}},"111":{"start":{"line":112,"column":0},"end":{"line":112,"column":26}},"112":{"start":{"line":113,"column":0},"end":{"line":113,"column":3}},"113":{"start":{"line":114,"column":0},"end":{"line":114,"column":51}},"114":{"start":{"line":115,"column":0},"end":{"line":115,"column":79}},"115":{"start":{"line":116,"column":0},"end":{"line":116,"column":42}},"116":{"start":{"line":117,"column":0},"end":{"line":117,"column":37}},"117":{"start":{"line":118,"column":0},"end":{"line":118,"column":39}},"118":{"start":{"line":119,"column":0},"end":{"line":119,"column":0}},"119":{"start":{"line":120,"column":0},"end":{"line":120,"column":26}},"120":{"start":{"line":121,"column":0},"end":{"line":121,"column":3}},"121":{"start":{"line":122,"column":0},"end":{"line":122,"column":0}},"122":{"start":{"line":123,"column":0},"end":{"line":123,"column":49}},"123":{"start":{"line":124,"column":0},"end":{"line":124,"column":39}},"124":{"start":{"line":125,"column":0},"end":{"line":125,"column":20}},"125":{"start":{"line":126,"column":0},"end":{"line":126,"column":62}},"126":{"start":{"line":127,"column":0},"end":{"line":127,"column":60}},"127":{"start":{"line":128,"column":0},"end":{"line":128,"column":39}},"128":{"start":{"line":129,"column":0},"end":{"line":129,"column":41}},"129":{"start":{"line":130,"column":0},"end":{"line":130,"column":0}},"130":{"start":{"line":131,"column":0},"end":{"line":131,"column":28}},"131":{"start":{"line":132,"column":0},"end":{"line":132,"column":3}},"132":{"start":{"line":133,"column":0},"end":{"line":133,"column":2}},"133":{"start":{"line":134,"column":0},"end":{"line":134,"column":44}},"134":{"start":{"line":135,"column":0},"end":{"line":135,"column":47}},"135":{"start":{"line":136,"column":0},"end":{"line":136,"column":26}},"136":{"start":{"line":137,"column":0},"end":{"line":137,"column":33}},"137":{"start":{"line":138,"column":0},"end":{"line":138,"column":49}},"138":{"start":{"line":139,"column":0},"end":{"line":139,"column":57}},"139":{"start":{"line":140,"column":0},"end":{"line":140,"column":39}},"140":{"start":{"line":141,"column":0},"end":{"line":141,"column":41}},"141":{"start":{"line":142,"column":0},"end":{"line":142,"column":0}},"142":{"start":{"line":143,"column":0},"end":{"line":143,"column":28}},"143":{"start":{"line":144,"column":0},"end":{"line":144,"column":3}},"144":{"start":{"line":145,"column":0},"end":{"line":145,"column":2}},"145":{"start":{"line":146,"column":0},"end":{"line":146,"column":0}},"146":{"start":{"line":147,"column":0},"end":{"line":147,"column":54}},"147":{"start":{"line":148,"column":0},"end":{"line":148,"column":45}},"148":{"start":{"line":149,"column":0},"end":{"line":149,"column":23}},"149":{"start":{"line":150,"column":0},"end":{"line":150,"column":54}},"150":{"start":{"line":151,"column":0},"end":{"line":151,"column":72}},"151":{"start":{"line":152,"column":0},"end":{"line":152,"column":39}},"152":{"start":{"line":153,"column":0},"end":{"line":153,"column":41}},"153":{"start":{"line":154,"column":0},"end":{"line":154,"column":0}},"154":{"start":{"line":155,"column":0},"end":{"line":155,"column":28}},"155":{"start":{"line":156,"column":0},"end":{"line":156,"column":3}},"156":{"start":{"line":157,"column":0},"end":{"line":157,"column":2}},"157":{"start":{"line":158,"column":0},"end":{"line":158,"column":0}},"158":{"start":{"line":159,"column":0},"end":{"line":159,"column":42}},"159":{"start":{"line":160,"column":0},"end":{"line":160,"column":20}},"160":{"start":{"line":161,"column":0},"end":{"line":161,"column":64}},"161":{"start":{"line":162,"column":0},"end":{"line":162,"column":70}},"162":{"start":{"line":163,"column":0},"end":{"line":163,"column":39}},"163":{"start":{"line":164,"column":0},"end":{"line":164,"column":41}},"164":{"start":{"line":165,"column":0},"end":{"line":165,"column":0}},"165":{"start":{"line":166,"column":0},"end":{"line":166,"column":28}},"166":{"start":{"line":167,"column":0},"end":{"line":167,"column":3}},"167":{"start":{"line":168,"column":0},"end":{"line":168,"column":2}},"168":{"start":{"line":169,"column":0},"end":{"line":169,"column":0}},"169":{"start":{"line":170,"column":0},"end":{"line":170,"column":49}},"170":{"start":{"line":171,"column":0},"end":{"line":171,"column":40}},"171":{"start":{"line":172,"column":0},"end":{"line":172,"column":21}},"172":{"start":{"line":173,"column":0},"end":{"line":173,"column":31}},"173":{"start":{"line":174,"column":0},"end":{"line":174,"column":58}},"174":{"start":{"line":175,"column":0},"end":{"line":175,"column":39}},"175":{"start":{"line":176,"column":0},"end":{"line":176,"column":41}},"176":{"start":{"line":177,"column":0},"end":{"line":177,"column":0}},"177":{"start":{"line":178,"column":0},"end":{"line":178,"column":28}},"178":{"start":{"line":179,"column":0},"end":{"line":179,"column":3}},"179":{"start":{"line":180,"column":0},"end":{"line":180,"column":2}},"180":{"start":{"line":181,"column":0},"end":{"line":181,"column":0}},"181":{"start":{"line":182,"column":0},"end":{"line":182,"column":66}},"182":{"start":{"line":183,"column":0},"end":{"line":183,"column":0}},"183":{"start":{"line":184,"column":0},"end":{"line":184,"column":78}},"184":{"start":{"line":185,"column":0},"end":{"line":185,"column":0}},"185":{"start":{"line":186,"column":0},"end":{"line":186,"column":65}},"186":{"start":{"line":187,"column":0},"end":{"line":187,"column":0}},"187":{"start":{"line":188,"column":0},"end":{"line":188,"column":43}},"188":{"start":{"line":189,"column":0},"end":{"line":189,"column":25}},"189":{"start":{"line":190,"column":0},"end":{"line":190,"column":54}},"190":{"start":{"line":191,"column":0},"end":{"line":191,"column":72}},"191":{"start":{"line":192,"column":0},"end":{"line":192,"column":39}},"192":{"start":{"line":193,"column":0},"end":{"line":193,"column":41}},"193":{"start":{"line":194,"column":0},"end":{"line":194,"column":0}},"194":{"start":{"line":195,"column":0},"end":{"line":195,"column":28}},"195":{"start":{"line":196,"column":0},"end":{"line":196,"column":3}},"196":{"start":{"line":197,"column":0},"end":{"line":197,"column":2}},"197":{"start":{"line":198,"column":0},"end":{"line":198,"column":44}},"198":{"start":{"line":199,"column":0},"end":{"line":199,"column":22}},"199":{"start":{"line":200,"column":0},"end":{"line":200,"column":16}},"200":{"start":{"line":201,"column":0},"end":{"line":201,"column":44}},"201":{"start":{"line":202,"column":0},"end":{"line":202,"column":39}},"202":{"start":{"line":203,"column":0},"end":{"line":203,"column":9}},"203":{"start":{"line":204,"column":0},"end":{"line":204,"column":55}},"204":{"start":{"line":205,"column":0},"end":{"line":205,"column":24}},"205":{"start":{"line":206,"column":0},"end":{"line":206,"column":22}},"206":{"start":{"line":207,"column":0},"end":{"line":207,"column":7}},"207":{"start":{"line":208,"column":0},"end":{"line":208,"column":39}},"208":{"start":{"line":209,"column":0},"end":{"line":209,"column":41}},"209":{"start":{"line":210,"column":0},"end":{"line":210,"column":0}},"210":{"start":{"line":211,"column":0},"end":{"line":211,"column":28}},"211":{"start":{"line":212,"column":0},"end":{"line":212,"column":3}},"212":{"start":{"line":213,"column":0},"end":{"line":213,"column":2}},"213":{"start":{"line":214,"column":0},"end":{"line":214,"column":0}},"214":{"start":{"line":215,"column":0},"end":{"line":215,"column":80}},"215":{"start":{"line":216,"column":0},"end":{"line":216,"column":72}},"216":{"start":{"line":217,"column":0},"end":{"line":217,"column":0}},"217":{"start":{"line":218,"column":0},"end":{"line":218,"column":63}},"218":{"start":{"line":219,"column":0},"end":{"line":219,"column":66}},"219":{"start":{"line":220,"column":0},"end":{"line":220,"column":9}},"220":{"start":{"line":221,"column":0},"end":{"line":221,"column":39}},"221":{"start":{"line":222,"column":0},"end":{"line":222,"column":45}},"222":{"start":{"line":223,"column":0},"end":{"line":223,"column":6}},"223":{"start":{"line":224,"column":0},"end":{"line":224,"column":43}},"224":{"start":{"line":225,"column":0},"end":{"line":225,"column":43}},"225":{"start":{"line":226,"column":0},"end":{"line":226,"column":6}},"226":{"start":{"line":227,"column":0},"end":{"line":227,"column":63}},"227":{"start":{"line":228,"column":0},"end":{"line":228,"column":49}},"228":{"start":{"line":229,"column":0},"end":{"line":229,"column":48}},"229":{"start":{"line":230,"column":0},"end":{"line":230,"column":6}},"230":{"start":{"line":231,"column":0},"end":{"line":231,"column":63}},"231":{"start":{"line":232,"column":0},"end":{"line":232,"column":49}},"232":{"start":{"line":233,"column":0},"end":{"line":233,"column":48}},"233":{"start":{"line":234,"column":0},"end":{"line":234,"column":6}},"234":{"start":{"line":235,"column":0},"end":{"line":235,"column":0}},"235":{"start":{"line":236,"column":0},"end":{"line":236,"column":52}},"236":{"start":{"line":237,"column":0},"end":{"line":237,"column":41}},"237":{"start":{"line":238,"column":0},"end":{"line":238,"column":29}},"238":{"start":{"line":239,"column":0},"end":{"line":239,"column":27}},"239":{"start":{"line":240,"column":0},"end":{"line":240,"column":23}},"240":{"start":{"line":241,"column":0},"end":{"line":241,"column":6}},"241":{"start":{"line":242,"column":0},"end":{"line":242,"column":42}},"242":{"start":{"line":243,"column":0},"end":{"line":243,"column":30}},"243":{"start":{"line":244,"column":0},"end":{"line":244,"column":6}},"244":{"start":{"line":245,"column":0},"end":{"line":245,"column":51}},"245":{"start":{"line":246,"column":0},"end":{"line":246,"column":30}},"246":{"start":{"line":247,"column":0},"end":{"line":247,"column":50}},"247":{"start":{"line":248,"column":0},"end":{"line":248,"column":43}},"248":{"start":{"line":249,"column":0},"end":{"line":249,"column":33}},"249":{"start":{"line":250,"column":0},"end":{"line":250,"column":41}},"250":{"start":{"line":251,"column":0},"end":{"line":251,"column":31}},"251":{"start":{"line":252,"column":0},"end":{"line":252,"column":53}},"252":{"start":{"line":253,"column":0},"end":{"line":253,"column":7}},"253":{"start":{"line":254,"column":0},"end":{"line":254,"column":6}},"254":{"start":{"line":255,"column":0},"end":{"line":255,"column":50}},"255":{"start":{"line":256,"column":0},"end":{"line":256,"column":46}},"256":{"start":{"line":257,"column":0},"end":{"line":257,"column":29}},"257":{"start":{"line":258,"column":0},"end":{"line":258,"column":27}},"258":{"start":{"line":259,"column":0},"end":{"line":259,"column":23}},"259":{"start":{"line":260,"column":0},"end":{"line":260,"column":6}},"260":{"start":{"line":261,"column":0},"end":{"line":261,"column":47}},"261":{"start":{"line":262,"column":0},"end":{"line":262,"column":30}},"262":{"start":{"line":263,"column":0},"end":{"line":263,"column":6}},"263":{"start":{"line":264,"column":0},"end":{"line":264,"column":56}},"264":{"start":{"line":265,"column":0},"end":{"line":265,"column":30}},"265":{"start":{"line":266,"column":0},"end":{"line":266,"column":50}},"266":{"start":{"line":267,"column":0},"end":{"line":267,"column":43}},"267":{"start":{"line":268,"column":0},"end":{"line":268,"column":33}},"268":{"start":{"line":269,"column":0},"end":{"line":269,"column":30}},"269":{"start":{"line":270,"column":0},"end":{"line":270,"column":56}},"270":{"start":{"line":271,"column":0},"end":{"line":271,"column":7}},"271":{"start":{"line":272,"column":0},"end":{"line":272,"column":6}},"272":{"start":{"line":273,"column":0},"end":{"line":273,"column":53}},"273":{"start":{"line":274,"column":0},"end":{"line":274,"column":41}},"274":{"start":{"line":275,"column":0},"end":{"line":275,"column":29}},"275":{"start":{"line":276,"column":0},"end":{"line":276,"column":27}},"276":{"start":{"line":277,"column":0},"end":{"line":277,"column":23}},"277":{"start":{"line":278,"column":0},"end":{"line":278,"column":6}},"278":{"start":{"line":279,"column":0},"end":{"line":279,"column":42}},"279":{"start":{"line":280,"column":0},"end":{"line":280,"column":30}},"280":{"start":{"line":281,"column":0},"end":{"line":281,"column":6}},"281":{"start":{"line":282,"column":0},"end":{"line":282,"column":51}},"282":{"start":{"line":283,"column":0},"end":{"line":283,"column":30}},"283":{"start":{"line":284,"column":0},"end":{"line":284,"column":50}},"284":{"start":{"line":285,"column":0},"end":{"line":285,"column":43}},"285":{"start":{"line":286,"column":0},"end":{"line":286,"column":33}},"286":{"start":{"line":287,"column":0},"end":{"line":287,"column":52}},"287":{"start":{"line":288,"column":0},"end":{"line":288,"column":41}},"288":{"start":{"line":289,"column":0},"end":{"line":289,"column":49}},"289":{"start":{"line":290,"column":0},"end":{"line":290,"column":56}},"290":{"start":{"line":291,"column":0},"end":{"line":291,"column":30}},"291":{"start":{"line":292,"column":0},"end":{"line":292,"column":32}},"292":{"start":{"line":293,"column":0},"end":{"line":293,"column":34}},"293":{"start":{"line":294,"column":0},"end":{"line":294,"column":7}},"294":{"start":{"line":295,"column":0},"end":{"line":295,"column":6}},"295":{"start":{"line":296,"column":0},"end":{"line":296,"column":0}},"296":{"start":{"line":297,"column":0},"end":{"line":297,"column":49}},"297":{"start":{"line":298,"column":0},"end":{"line":298,"column":41}},"298":{"start":{"line":299,"column":0},"end":{"line":299,"column":29}},"299":{"start":{"line":300,"column":0},"end":{"line":300,"column":27}},"300":{"start":{"line":301,"column":0},"end":{"line":301,"column":23}},"301":{"start":{"line":302,"column":0},"end":{"line":302,"column":6}},"302":{"start":{"line":303,"column":0},"end":{"line":303,"column":42}},"303":{"start":{"line":304,"column":0},"end":{"line":304,"column":30}},"304":{"start":{"line":305,"column":0},"end":{"line":305,"column":6}},"305":{"start":{"line":306,"column":0},"end":{"line":306,"column":51}},"306":{"start":{"line":307,"column":0},"end":{"line":307,"column":30}},"307":{"start":{"line":308,"column":0},"end":{"line":308,"column":50}},"308":{"start":{"line":309,"column":0},"end":{"line":309,"column":43}},"309":{"start":{"line":310,"column":0},"end":{"line":310,"column":33}},"310":{"start":{"line":311,"column":0},"end":{"line":311,"column":52}},"311":{"start":{"line":312,"column":0},"end":{"line":312,"column":41}},"312":{"start":{"line":313,"column":0},"end":{"line":313,"column":49}},"313":{"start":{"line":314,"column":0},"end":{"line":314,"column":56}},"314":{"start":{"line":315,"column":0},"end":{"line":315,"column":30}},"315":{"start":{"line":316,"column":0},"end":{"line":316,"column":32}},"316":{"start":{"line":317,"column":0},"end":{"line":317,"column":34}},"317":{"start":{"line":318,"column":0},"end":{"line":318,"column":7}},"318":{"start":{"line":319,"column":0},"end":{"line":319,"column":6}},"319":{"start":{"line":320,"column":0},"end":{"line":320,"column":0}},"320":{"start":{"line":321,"column":0},"end":{"line":321,"column":48}},"321":{"start":{"line":322,"column":0},"end":{"line":322,"column":49}},"322":{"start":{"line":323,"column":0},"end":{"line":323,"column":29}},"323":{"start":{"line":324,"column":0},"end":{"line":324,"column":27}},"324":{"start":{"line":325,"column":0},"end":{"line":325,"column":23}},"325":{"start":{"line":326,"column":0},"end":{"line":326,"column":6}},"326":{"start":{"line":327,"column":0},"end":{"line":327,"column":50}},"327":{"start":{"line":328,"column":0},"end":{"line":328,"column":30}},"328":{"start":{"line":329,"column":0},"end":{"line":329,"column":6}},"329":{"start":{"line":330,"column":0},"end":{"line":330,"column":59}},"330":{"start":{"line":331,"column":0},"end":{"line":331,"column":30}},"331":{"start":{"line":332,"column":0},"end":{"line":332,"column":50}},"332":{"start":{"line":333,"column":0},"end":{"line":333,"column":43}},"333":{"start":{"line":334,"column":0},"end":{"line":334,"column":33}},"334":{"start":{"line":335,"column":0},"end":{"line":335,"column":56}},"335":{"start":{"line":336,"column":0},"end":{"line":336,"column":7}},"336":{"start":{"line":337,"column":0},"end":{"line":337,"column":6}},"337":{"start":{"line":338,"column":0},"end":{"line":338,"column":0}},"338":{"start":{"line":339,"column":0},"end":{"line":339,"column":60}},"339":{"start":{"line":340,"column":0},"end":{"line":340,"column":47}},"340":{"start":{"line":341,"column":0},"end":{"line":341,"column":29}},"341":{"start":{"line":342,"column":0},"end":{"line":342,"column":27}},"342":{"start":{"line":343,"column":0},"end":{"line":343,"column":23}},"343":{"start":{"line":344,"column":0},"end":{"line":344,"column":6}},"344":{"start":{"line":345,"column":0},"end":{"line":345,"column":48}},"345":{"start":{"line":346,"column":0},"end":{"line":346,"column":30}},"346":{"start":{"line":347,"column":0},"end":{"line":347,"column":6}},"347":{"start":{"line":348,"column":0},"end":{"line":348,"column":57}},"348":{"start":{"line":349,"column":0},"end":{"line":349,"column":30}},"349":{"start":{"line":350,"column":0},"end":{"line":350,"column":50}},"350":{"start":{"line":351,"column":0},"end":{"line":351,"column":43}},"351":{"start":{"line":352,"column":0},"end":{"line":352,"column":33}},"352":{"start":{"line":353,"column":0},"end":{"line":353,"column":56}},"353":{"start":{"line":354,"column":0},"end":{"line":354,"column":7}},"354":{"start":{"line":355,"column":0},"end":{"line":355,"column":6}},"355":{"start":{"line":356,"column":0},"end":{"line":356,"column":0}},"356":{"start":{"line":357,"column":0},"end":{"line":357,"column":57}},"357":{"start":{"line":358,"column":0},"end":{"line":358,"column":44}},"358":{"start":{"line":359,"column":0},"end":{"line":359,"column":29}},"359":{"start":{"line":360,"column":0},"end":{"line":360,"column":27}},"360":{"start":{"line":361,"column":0},"end":{"line":361,"column":23}},"361":{"start":{"line":362,"column":0},"end":{"line":362,"column":6}},"362":{"start":{"line":363,"column":0},"end":{"line":363,"column":45}},"363":{"start":{"line":364,"column":0},"end":{"line":364,"column":30}},"364":{"start":{"line":365,"column":0},"end":{"line":365,"column":6}},"365":{"start":{"line":366,"column":0},"end":{"line":366,"column":54}},"366":{"start":{"line":367,"column":0},"end":{"line":367,"column":30}},"367":{"start":{"line":368,"column":0},"end":{"line":368,"column":50}},"368":{"start":{"line":369,"column":0},"end":{"line":369,"column":43}},"369":{"start":{"line":370,"column":0},"end":{"line":370,"column":33}},"370":{"start":{"line":371,"column":0},"end":{"line":371,"column":56}},"371":{"start":{"line":372,"column":0},"end":{"line":372,"column":7}},"372":{"start":{"line":373,"column":0},"end":{"line":373,"column":6}},"373":{"start":{"line":374,"column":0},"end":{"line":374,"column":0}},"374":{"start":{"line":375,"column":0},"end":{"line":375,"column":58}},"375":{"start":{"line":376,"column":0},"end":{"line":376,"column":45}},"376":{"start":{"line":377,"column":0},"end":{"line":377,"column":41}},"377":{"start":{"line":378,"column":0},"end":{"line":378,"column":6}},"378":{"start":{"line":379,"column":0},"end":{"line":379,"column":52}},"379":{"start":{"line":380,"column":0},"end":{"line":380,"column":63}},"380":{"start":{"line":381,"column":0},"end":{"line":381,"column":57}},"381":{"start":{"line":382,"column":0},"end":{"line":382,"column":55}},"382":{"start":{"line":383,"column":0},"end":{"line":383,"column":63}},"383":{"start":{"line":384,"column":0},"end":{"line":384,"column":6}},"384":{"start":{"line":385,"column":0},"end":{"line":385,"column":0}},"385":{"start":{"line":386,"column":0},"end":{"line":386,"column":46}},"386":{"start":{"line":387,"column":0},"end":{"line":387,"column":29}},"387":{"start":{"line":388,"column":0},"end":{"line":388,"column":27}},"388":{"start":{"line":389,"column":0},"end":{"line":389,"column":23}},"389":{"start":{"line":390,"column":0},"end":{"line":390,"column":6}},"390":{"start":{"line":391,"column":0},"end":{"line":391,"column":47}},"391":{"start":{"line":392,"column":0},"end":{"line":392,"column":30}},"392":{"start":{"line":393,"column":0},"end":{"line":393,"column":6}},"393":{"start":{"line":394,"column":0},"end":{"line":394,"column":56}},"394":{"start":{"line":395,"column":0},"end":{"line":395,"column":30}},"395":{"start":{"line":396,"column":0},"end":{"line":396,"column":50}},"396":{"start":{"line":397,"column":0},"end":{"line":397,"column":43}},"397":{"start":{"line":398,"column":0},"end":{"line":398,"column":33}},"398":{"start":{"line":399,"column":0},"end":{"line":399,"column":39}},"399":{"start":{"line":400,"column":0},"end":{"line":400,"column":56}},"400":{"start":{"line":401,"column":0},"end":{"line":401,"column":7}},"401":{"start":{"line":402,"column":0},"end":{"line":402,"column":6}},"402":{"start":{"line":403,"column":0},"end":{"line":403,"column":0}},"403":{"start":{"line":404,"column":0},"end":{"line":404,"column":45}},"404":{"start":{"line":405,"column":0},"end":{"line":405,"column":29}},"405":{"start":{"line":406,"column":0},"end":{"line":406,"column":27}},"406":{"start":{"line":407,"column":0},"end":{"line":407,"column":23}},"407":{"start":{"line":408,"column":0},"end":{"line":408,"column":6}},"408":{"start":{"line":409,"column":0},"end":{"line":409,"column":46}},"409":{"start":{"line":410,"column":0},"end":{"line":410,"column":30}},"410":{"start":{"line":411,"column":0},"end":{"line":411,"column":6}},"411":{"start":{"line":412,"column":0},"end":{"line":412,"column":55}},"412":{"start":{"line":413,"column":0},"end":{"line":413,"column":30}},"413":{"start":{"line":414,"column":0},"end":{"line":414,"column":50}},"414":{"start":{"line":415,"column":0},"end":{"line":415,"column":43}},"415":{"start":{"line":416,"column":0},"end":{"line":416,"column":33}},"416":{"start":{"line":417,"column":0},"end":{"line":417,"column":56}},"417":{"start":{"line":418,"column":0},"end":{"line":418,"column":7}},"418":{"start":{"line":419,"column":0},"end":{"line":419,"column":6}},"419":{"start":{"line":420,"column":0},"end":{"line":420,"column":50}},"420":{"start":{"line":421,"column":0},"end":{"line":421,"column":46}},"421":{"start":{"line":422,"column":0},"end":{"line":422,"column":6}},"422":{"start":{"line":423,"column":0},"end":{"line":423,"column":42}},"423":{"start":{"line":424,"column":0},"end":{"line":424,"column":29}},"424":{"start":{"line":425,"column":0},"end":{"line":425,"column":27}},"425":{"start":{"line":426,"column":0},"end":{"line":426,"column":23}},"426":{"start":{"line":427,"column":0},"end":{"line":427,"column":6}},"427":{"start":{"line":428,"column":0},"end":{"line":428,"column":43}},"428":{"start":{"line":429,"column":0},"end":{"line":429,"column":30}},"429":{"start":{"line":430,"column":0},"end":{"line":430,"column":6}},"430":{"start":{"line":431,"column":0},"end":{"line":431,"column":52}},"431":{"start":{"line":432,"column":0},"end":{"line":432,"column":30}},"432":{"start":{"line":433,"column":0},"end":{"line":433,"column":50}},"433":{"start":{"line":434,"column":0},"end":{"line":434,"column":43}},"434":{"start":{"line":435,"column":0},"end":{"line":435,"column":7}},"435":{"start":{"line":436,"column":0},"end":{"line":436,"column":3}},"436":{"start":{"line":437,"column":0},"end":{"line":437,"column":31}}},"s":{"0":1,"1":0,"2":1,"3":1,"4":1,"5":1,"6":1,"7":1,"8":1,"9":1,"10":1,"11":1,"12":1,"13":1,"14":1,"15":1,"16":1,"17":1,"18":1,"19":1,"20":1,"21":1,"22":1,"23":1,"24":1,"25":1,"26":1,"27":1,"28":1,"29":1,"30":1,"31":1,"32":1,"33":1,"34":1,"35":1,"36":1,"37":1,"38":1,"39":1,"40":1,"41":1,"42":1,"43":1,"44":1,"45":1,"46":1,"47":1,"48":1,"49":1,"50":1,"51":1,"52":1,"53":1,"54":1,"55":1,"56":1,"57":1,"58":1,"59":1,"60":1,"61":1,"62":1,"63":1,"64":1,"65":1,"66":1,"67":1,"68":1,"69":1,"70":1,"71":1,"72":1,"73":1,"74":1,"75":1,"76":1,"77":1,"78":1,"79":1,"80":1,"81":1,"82":1,"83":1,"84":1,"85":1,"86":1,"87":1,"88":1,"89":1,"90":1,"91":1,"92":1,"93":1,"94":1,"95":1,"96":1,"97":1,"98":0,"99":0,"100":0,"101":0,"102":0,"103":1,"104":1,"105":1,"106":1,"107":0,"108":0,"109":0,"110":0,"111":0,"112":1,"113":1,"114":1,"115":0,"116":0,"117":0,"118":0,"119":0,"120":1,"121":1,"122":1,"123":1,"124":1,"125":1,"126":0,"127":0,"128":0,"129":0,"130":0,"131":1,"132":1,"133":1,"134":1,"135":1,"136":1,"137":0,"138":0,"139":0,"140":0,"141":0,"142":0,"143":1,"144":1,"145":1,"146":1,"147":1,"148":1,"149":1,"150":0,"151":0,"152":0,"153":0,"154":0,"155":1,"156":1,"157":1,"158":1,"159":1,"160":1,"161":0,"162":0,"163":0,"164":0,"165":0,"166":1,"167":1,"168":1,"169":1,"170":1,"171":1,"172":1,"173":0,"174":0,"175":0,"176":0,"177":0,"178":1,"179":1,"180":1,"181":1,"182":1,"183":1,"184":1,"185":1,"186":1,"187":1,"188":1,"189":1,"190":0,"191":0,"192":0,"193":0,"194":0,"195":1,"196":1,"197":1,"198":1,"199":1,"200":0,"201":0,"202":0,"203":0,"204":0,"205":0,"206":0,"207":0,"208":0,"209":0,"210":0,"211":1,"212":1,"213":1,"214":1,"215":1,"216":1,"217":1,"218":1,"219":1,"220":1,"221":0,"222":1,"223":1,"224":0,"225":1,"226":1,"227":0,"228":0,"229":1,"230":1,"231":0,"232":0,"233":1,"234":1,"235":1,"236":1,"237":0,"238":0,"239":0,"240":1,"241":1,"242":0,"243":1,"244":1,"245":0,"246":0,"247":0,"248":0,"249":0,"250":0,"251":0,"252":0,"253":1,"254":1,"255":1,"256":0,"257":0,"258":0,"259":1,"260":1,"261":0,"262":1,"263":1,"264":0,"265":0,"266":0,"267":0,"268":0,"269":0,"270":0,"271":1,"272":1,"273":1,"274":0,"275":0,"276":0,"277":1,"278":1,"279":0,"280":1,"281":1,"282":0,"283":0,"284":0,"285":0,"286":0,"287":0,"288":0,"289":0,"290":0,"291":0,"292":0,"293":0,"294":1,"295":1,"296":1,"297":1,"298":0,"299":0,"300":0,"301":1,"302":1,"303":0,"304":1,"305":1,"306":0,"307":0,"308":0,"309":0,"310":0,"311":0,"312":0,"313":0,"314":0,"315":0,"316":0,"317":0,"318":1,"319":1,"320":1,"321":1,"322":0,"323":0,"324":0,"325":1,"326":1,"327":0,"328":1,"329":1,"330":0,"331":0,"332":0,"333":0,"334":0,"335":0,"336":1,"337":1,"338":1,"339":1,"340":0,"341":0,"342":0,"343":1,"344":1,"345":0,"346":1,"347":1,"348":0,"349":0,"350":0,"351":0,"352":0,"353":0,"354":1,"355":1,"356":1,"357":1,"358":0,"359":0,"360":0,"361":1,"362":1,"363":0,"364":1,"365":1,"366":0,"367":0,"368":0,"369":0,"370":0,"371":0,"372":1,"373":1,"374":1,"375":1,"376":0,"377":1,"378":1,"379":0,"380":0,"381":0,"382":0,"383":1,"384":1,"385":1,"386":0,"387":0,"388":0,"389":1,"390":1,"391":0,"392":1,"393":1,"394":0,"395":0,"396":0,"397":0,"398":0,"399":0,"400":0,"401":1,"402":1,"403":1,"404":0,"405":0,"406":0,"407":1,"408":1,"409":0,"410":1,"411":1,"412":0,"413":0,"414":0,"415":0,"416":0,"417":0,"418":1,"419":1,"420":0,"421":1,"422":1,"423":0,"424":0,"425":0,"426":1,"427":1,"428":0,"429":1,"430":1,"431":0,"432":0,"433":0,"434":1,"435":1,"436":1},"branchMap":{"0":{"type":"branch","line":2,"loc":{"start":{"line":2,"column":0},"end":{"line":2,"column":15}},"locations":[{"start":{"line":2,"column":0},"end":{"line":2,"column":15}}]},"1":{"type":"branch","line":97,"loc":{"start":{"line":97,"column":19},"end":{"line":104,"column":3}},"locations":[{"start":{"line":97,"column":19},"end":{"line":104,"column":3}}]},"2":{"type":"branch","line":125,"loc":{"start":{"line":125,"column":19},"end":{"line":132,"column":3}},"locations":[{"start":{"line":125,"column":19},"end":{"line":132,"column":3}}]},"3":{"type":"branch","line":136,"loc":{"start":{"line":136,"column":25},"end":{"line":144,"column":3}},"locations":[{"start":{"line":136,"column":25},"end":{"line":144,"column":3}}]},"4":{"type":"branch","line":149,"loc":{"start":{"line":149,"column":22},"end":{"line":156,"column":3}},"locations":[{"start":{"line":149,"column":22},"end":{"line":156,"column":3}}]},"5":{"type":"branch","line":160,"loc":{"start":{"line":160,"column":19},"end":{"line":167,"column":3}},"locations":[{"start":{"line":160,"column":19},"end":{"line":167,"column":3}}]},"6":{"type":"branch","line":172,"loc":{"start":{"line":172,"column":20},"end":{"line":179,"column":3}},"locations":[{"start":{"line":172,"column":20},"end":{"line":179,"column":3}}]},"7":{"type":"branch","line":189,"loc":{"start":{"line":189,"column":24},"end":{"line":196,"column":3}},"locations":[{"start":{"line":189,"column":24},"end":{"line":196,"column":3}}]},"8":{"type":"branch","line":199,"loc":{"start":{"line":199,"column":21},"end":{"line":212,"column":3}},"locations":[{"start":{"line":199,"column":21},"end":{"line":212,"column":3}}]},"9":{"type":"branch","line":219,"loc":{"start":{"line":219,"column":52},"end":{"line":436,"column":2}},"locations":[{"start":{"line":219,"column":52},"end":{"line":436,"column":2}}]}},"b":{"0":[10],"1":[1],"2":[1],"3":[1],"4":[1],"5":[1],"6":[1],"7":[1],"8":[1],"9":[1]},"fnMap":{"0":{"name":"asyncGeneratorStep","decl":{"start":{"line":2,"column":0},"end":{"line":2,"column":15}},"loc":{"start":{"line":2,"column":0},"end":{"line":2,"column":15}},"line":2},"1":{"name":"_asyncToGenerator","decl":{"start":{"line":2,"column":0},"end":{"line":2,"column":15}},"loc":{"start":{"line":2,"column":0},"end":{"line":2,"column":15}},"line":2},"2":{"name":"_callee","decl":{"start":{"line":98,"column":2},"end":{"line":103,"column":28}},"loc":{"start":{"line":98,"column":2},"end":{"line":103,"column":28}},"line":98},"3":{"name":"_callee2","decl":{"start":{"line":107,"column":58},"end":{"line":113,"column":2}},"loc":{"start":{"line":107,"column":58},"end":{"line":113,"column":2}},"line":107},"4":{"name":"_callee3","decl":{"start":{"line":115,"column":66},"end":{"line":121,"column":2}},"loc":{"start":{"line":115,"column":66},"end":{"line":121,"column":2}},"line":115},"5":{"name":"_callee4","decl":{"start":{"line":126,"column":2},"end":{"line":131,"column":28}},"loc":{"start":{"line":126,"column":2},"end":{"line":131,"column":28}},"line":126},"6":{"name":"_callee5","decl":{"start":{"line":137,"column":2},"end":{"line":143,"column":28}},"loc":{"start":{"line":137,"column":2},"end":{"line":143,"column":28}},"line":137},"7":{"name":"_callee6","decl":{"start":{"line":150,"column":2},"end":{"line":155,"column":28}},"loc":{"start":{"line":150,"column":2},"end":{"line":155,"column":28}},"line":150},"8":{"name":"_callee7","decl":{"start":{"line":161,"column":2},"end":{"line":166,"column":28}},"loc":{"start":{"line":161,"column":2},"end":{"line":166,"column":28}},"line":161},"9":{"name":"_callee8","decl":{"start":{"line":173,"column":2},"end":{"line":178,"column":28}},"loc":{"start":{"line":173,"column":2},"end":{"line":178,"column":28}},"line":173},"10":{"name":"_callee9","decl":{"start":{"line":190,"column":2},"end":{"line":195,"column":28}},"loc":{"start":{"line":190,"column":2},"end":{"line":195,"column":28}},"line":190},"11":{"name":"_callee10","decl":{"start":{"line":200,"column":2},"end":{"line":211,"column":28}},"loc":{"start":{"line":200,"column":2},"end":{"line":211,"column":28}},"line":200}},"f":{"0":0,"1":10,"2":0,"3":0,"4":0,"5":0,"6":0,"7":0,"8":0,"9":0,"10":0,"11":0}}
,"H:\\Dev_Web\\FoodFlex_Oclock\\projet-foodflex-front\\src\\utils\\fetch.ts": {"path":"H:\\Dev_Web\\FoodFlex_Oclock\\projet-foodflex-front\\src\\utils\\fetch.ts","all":false,"statementMap":{"0":{"start":{"line":1,"column":0},"end":{"line":1,"column":45}},"1":{"start":{"line":2,"column":0},"end":{"line":2,"column":0}},"2":{"start":{"line":3,"column":0},"end":{"line":3,"column":75}},"3":{"start":{"line":4,"column":0},"end":{"line":4,"column":46}},"4":{"start":{"line":5,"column":0},"end":{"line":5,"column":46}},"5":{"start":{"line":6,"column":0},"end":{"line":6,"column":32}},"6":{"start":{"line":7,"column":0},"end":{"line":7,"column":53}},"7":{"start":{"line":8,"column":0},"end":{"line":8,"column":56}},"8":{"start":{"line":9,"column":0},"end":{"line":9,"column":74}},"9":{"start":{"line":10,"column":0},"end":{"line":10,"column":14}},"10":{"start":{"line":11,"column":0},"end":{"line":11,"column":55}},"11":{"start":{"line":12,"column":0},"end":{"line":12,"column":3}},"12":{"start":{"line":13,"column":0},"end":{"line":13,"column":17}},"13":{"start":{"line":14,"column":0},"end":{"line":14,"column":2}},"14":{"start":{"line":15,"column":0},"end":{"line":15,"column":0}},"15":{"start":{"line":16,"column":0},"end":{"line":16,"column":84}},"16":{"start":{"line":17,"column":0},"end":{"line":17,"column":68}},"17":{"start":{"line":18,"column":0},"end":{"line":18,"column":51}},"18":{"start":{"line":19,"column":0},"end":{"line":19,"column":66}},"19":{"start":{"line":20,"column":0},"end":{"line":20,"column":2}},"20":{"start":{"line":21,"column":0},"end":{"line":21,"column":0}},"21":{"start":{"line":22,"column":0},"end":{"line":22,"column":82}},"22":{"start":{"line":23,"column":0},"end":{"line":23,"column":56}},"23":{"start":{"line":24,"column":0},"end":{"line":24,"column":0}},"24":{"start":{"line":25,"column":0},"end":{"line":25,"column":83}},"25":{"start":{"line":26,"column":0},"end":{"line":26,"column":68}},"26":{"start":{"line":27,"column":0},"end":{"line":27,"column":32}},"27":{"start":{"line":28,"column":0},"end":{"line":28,"column":19}},"28":{"start":{"line":29,"column":0},"end":{"line":29,"column":31}},"29":{"start":{"line":30,"column":0},"end":{"line":30,"column":5}},"30":{"start":{"line":31,"column":0},"end":{"line":31,"column":2}},"31":{"start":{"line":32,"column":0},"end":{"line":32,"column":0}},"32":{"start":{"line":33,"column":0},"end":{"line":33,"column":83}},"33":{"start":{"line":34,"column":0},"end":{"line":34,"column":69}},"34":{"start":{"line":35,"column":0},"end":{"line":35,"column":32}},"35":{"start":{"line":36,"column":0},"end":{"line":36,"column":20}},"36":{"start":{"line":37,"column":0},"end":{"line":37,"column":31}},"37":{"start":{"line":38,"column":0},"end":{"line":38,"column":5}},"38":{"start":{"line":39,"column":0},"end":{"line":39,"column":2}},"39":{"start":{"line":40,"column":0},"end":{"line":40,"column":0}},"40":{"start":{"line":41,"column":0},"end":{"line":41,"column":38}},"41":{"start":{"line":42,"column":0},"end":{"line":42,"column":32}},"42":{"start":{"line":43,"column":0},"end":{"line":43,"column":21}},"43":{"start":{"line":44,"column":0},"end":{"line":44,"column":5}},"44":{"start":{"line":45,"column":0},"end":{"line":45,"column":2}},"45":{"start":{"line":46,"column":0},"end":{"line":46,"column":0}},"46":{"start":{"line":47,"column":0},"end":{"line":47,"column":37}},"47":{"start":{"line":48,"column":0},"end":{"line":48,"column":56}}},"s":{"0":1,"1":1,"2":1,"3":1,"4":0,"5":0,"6":0,"7":0,"8":0,"9":0,"10":0,"11":0,"12":0,"13":0,"14":1,"15":1,"16":1,"17":0,"18":0,"19":0,"20":1,"21":1,"22":1,"23":1,"24":1,"25":1,"26":0,"27":0,"28":0,"29":0,"30":0,"31":1,"32":1,"33":1,"34":0,"35":0,"36":0,"37":0,"38":0,"39":1,"40":1,"41":0,"42":0,"43":0,"44":0,"45":1,"46":1,"47":1},"branchMap":{},"b":{},"fnMap":{"0":{"name":"createHeadersWithAuthorization","decl":{"start":{"line":4,"column":39},"end":{"line":14,"column":2}},"loc":{"start":{"line":4,"column":39},"end":{"line":14,"column":2}},"line":4},"1":{"name":"fetchWithHeaders","decl":{"start":{"line":17,"column":25},"end":{"line":20,"column":2}},"loc":{"start":{"line":17,"column":25},"end":{"line":20,"column":2}},"line":17},"2":{"name":"fetchGet","decl":{"start":{"line":23,"column":17},"end":{"line":23,"column":56}},"loc":{"start":{"line":23,"column":17},"end":{"line":23,"column":56}},"line":23},"3":{"name":"fetchPost","decl":{"start":{"line":26,"column":18},"end":{"line":31,"column":2}},"loc":{"start":{"line":26,"column":18},"end":{"line":31,"column":2}},"line":26},"4":{"name":"fetchPatch","decl":{"start":{"line":34,"column":19},"end":{"line":39,"column":2}},"loc":{"start":{"line":34,"column":19},"end":{"line":39,"column":2}},"line":34},"5":{"name":"fetchDelete","decl":{"start":{"line":41,"column":20},"end":{"line":45,"column":2}},"loc":{"start":{"line":41,"column":20},"end":{"line":45,"column":2}},"line":41}},"f":{"0":0,"1":0,"2":0,"3":0,"4":0,"5":0}}
}
